{"/home/johndev/Documents/miro-dti/pwa/public/js/service-worker.js": {"path":"/home/johndev/Documents/miro-dti/pwa/public/js/service-worker.js","statementMap":{"0":{"start":{"line":4,"column":19},"end":{"line":4,"column":42}},"1":{"start":{"line":5,"column":21},"end":{"line":5,"column":30}},"2":{"start":{"line":8,"column":33},"end":{"line":15,"column":1}},"3":{"start":{"line":18,"column":0},"end":{"line":38,"column":3}},"4":{"start":{"line":19,"column":2},"end":{"line":37,"column":4}},"5":{"start":{"line":22,"column":8},"end":{"line":22,"column":61}},"6":{"start":{"line":23,"column":8},"end":{"line":23,"column":54}},"7":{"start":{"line":26,"column":8},"end":{"line":34,"column":13}},"8":{"start":{"line":27,"column":28},"end":{"line":27,"column":43}},"9":{"start":{"line":29,"column":12},"end":{"line":29,"column":42}},"10":{"start":{"line":30,"column":12},"end":{"line":30,"column":81}},"11":{"start":{"line":33,"column":12},"end":{"line":33,"column":78}},"12":{"start":{"line":36,"column":18},"end":{"line":36,"column":36}},"13":{"start":{"line":41,"column":0},"end":{"line":56,"column":3}},"14":{"start":{"line":42,"column":2},"end":{"line":55,"column":4}},"15":{"start":{"line":44,"column":6},"end":{"line":49,"column":10}},"16":{"start":{"line":45,"column":8},"end":{"line":48,"column":9}},"17":{"start":{"line":46,"column":10},"end":{"line":46,"column":67}},"18":{"start":{"line":47,"column":10},"end":{"line":47,"column":36}},"19":{"start":{"line":52,"column":6},"end":{"line":52,"column":55}},"20":{"start":{"line":53,"column":6},"end":{"line":53,"column":34}},"21":{"start":{"line":59,"column":0},"end":{"line":87,"column":3}},"22":{"start":{"line":61,"column":2},"end":{"line":63,"column":3}},"23":{"start":{"line":62,"column":4},"end":{"line":62,"column":11}},"24":{"start":{"line":66,"column":2},"end":{"line":72,"column":3}},"25":{"start":{"line":67,"column":4},"end":{"line":70,"column":6}},"26":{"start":{"line":69,"column":21},"end":{"line":69,"column":48}},"27":{"start":{"line":71,"column":4},"end":{"line":71,"column":11}},"28":{"start":{"line":74,"column":2},"end":{"line":86,"column":4}},"29":{"start":{"line":78,"column":30},"end":{"line":78,"column":46}},"30":{"start":{"line":79,"column":8},"end":{"line":82,"column":13}},"31":{"start":{"line":81,"column":12},"end":{"line":81,"column":52}},"32":{"start":{"line":83,"column":8},"end":{"line":83,"column":24}},"33":{"start":{"line":85,"column":19},"end":{"line":85,"column":46}},"34":{"start":{"line":90,"column":23},"end":{"line":90,"column":36}},"35":{"start":{"line":93,"column":2},"end":{"line":93,"column":58}},"36":{"start":{"line":95,"column":2},"end":{"line":137,"column":7}},"37":{"start":{"line":98,"column":22},"end":{"line":98,"column":37}},"38":{"start":{"line":100,"column":25},"end":{"line":100,"column":37}},"39":{"start":{"line":101,"column":6},"end":{"line":101,"column":88}},"40":{"start":{"line":103,"column":6},"end":{"line":133,"column":7}},"41":{"start":{"line":104,"column":8},"end":{"line":104,"column":75}},"42":{"start":{"line":107,"column":8},"end":{"line":115,"column":11}},"43":{"start":{"line":108,"column":10},"end":{"line":114,"column":13}},"44":{"start":{"line":109,"column":12},"end":{"line":113,"column":15}},"45":{"start":{"line":118,"column":8},"end":{"line":118,"column":36}},"46":{"start":{"line":121,"column":8},"end":{"line":132,"column":9}},"47":{"start":{"line":122,"column":10},"end":{"line":122,"column":81}},"48":{"start":{"line":123,"column":10},"end":{"line":131,"column":13}},"49":{"start":{"line":124,"column":12},"end":{"line":130,"column":15}},"50":{"start":{"line":125,"column":14},"end":{"line":129,"column":17}},"51":{"start":{"line":126,"column":16},"end":{"line":128,"column":19}},"52":{"start":{"line":136,"column":6},"end":{"line":136,"column":71}},"53":{"start":{"line":141,"column":0},"end":{"line":145,"column":3}},"54":{"start":{"line":142,"column":2},"end":{"line":144,"column":3}},"55":{"start":{"line":143,"column":4},"end":{"line":143,"column":22}},"56":{"start":{"line":148,"column":0},"end":{"line":148,"column":45}},"57":{"start":{"line":151,"column":0},"end":{"line":153,"column":3}},"58":{"start":{"line":152,"column":2},"end":{"line":152,"column":37}}},"fnMap":{"0":{"name":"(anonymous_0)","decl":{"start":{"line":18,"column":33},"end":{"line":18,"column":34}},"loc":{"start":{"line":18,"column":44},"end":{"line":38,"column":1}},"line":18},"1":{"name":"(anonymous_1)","decl":{"start":{"line":21,"column":12},"end":{"line":21,"column":13}},"loc":{"start":{"line":21,"column":23},"end":{"line":24,"column":7}},"line":21},"2":{"name":"(anonymous_2)","decl":{"start":{"line":25,"column":12},"end":{"line":25,"column":13}},"loc":{"start":{"line":25,"column":18},"end":{"line":35,"column":7}},"line":25},"3":{"name":"(anonymous_3)","decl":{"start":{"line":27,"column":16},"end":{"line":27,"column":17}},"loc":{"start":{"line":27,"column":28},"end":{"line":27,"column":43}},"line":27},"4":{"name":"(anonymous_4)","decl":{"start":{"line":28,"column":16},"end":{"line":28,"column":17}},"loc":{"start":{"line":28,"column":24},"end":{"line":31,"column":11}},"line":28},"5":{"name":"(anonymous_5)","decl":{"start":{"line":32,"column":17},"end":{"line":32,"column":18}},"loc":{"start":{"line":32,"column":24},"end":{"line":34,"column":11}},"line":32},"6":{"name":"(anonymous_6)","decl":{"start":{"line":36,"column":12},"end":{"line":36,"column":13}},"loc":{"start":{"line":36,"column":18},"end":{"line":36,"column":36}},"line":36},"7":{"name":"(anonymous_7)","decl":{"start":{"line":41,"column":34},"end":{"line":41,"column":35}},"loc":{"start":{"line":41,"column":45},"end":{"line":56,"column":1}},"line":41},"8":{"name":"(anonymous_8)","decl":{"start":{"line":43,"column":23},"end":{"line":43,"column":24}},"loc":{"start":{"line":43,"column":36},"end":{"line":50,"column":5}},"line":43},"9":{"name":"(anonymous_9)","decl":{"start":{"line":44,"column":37},"end":{"line":44,"column":38}},"loc":{"start":{"line":44,"column":46},"end":{"line":49,"column":7}},"line":44},"10":{"name":"(anonymous_10)","decl":{"start":{"line":51,"column":10},"end":{"line":51,"column":11}},"loc":{"start":{"line":51,"column":16},"end":{"line":54,"column":5}},"line":51},"11":{"name":"(anonymous_11)","decl":{"start":{"line":59,"column":31},"end":{"line":59,"column":32}},"loc":{"start":{"line":59,"column":42},"end":{"line":87,"column":1}},"line":59},"12":{"name":"(anonymous_12)","decl":{"start":{"line":69,"column":15},"end":{"line":69,"column":16}},"loc":{"start":{"line":69,"column":21},"end":{"line":69,"column":48}},"line":69},"13":{"name":"(anonymous_13)","decl":{"start":{"line":76,"column":12},"end":{"line":76,"column":13}},"loc":{"start":{"line":76,"column":24},"end":{"line":84,"column":7}},"line":76},"14":{"name":"(anonymous_14)","decl":{"start":{"line":80,"column":16},"end":{"line":80,"column":17}},"loc":{"start":{"line":80,"column":25},"end":{"line":82,"column":11}},"line":80},"15":{"name":"(anonymous_15)","decl":{"start":{"line":85,"column":13},"end":{"line":85,"column":14}},"loc":{"start":{"line":85,"column":19},"end":{"line":85,"column":46}},"line":85},"16":{"name":"checkForUpdates","decl":{"start":{"line":92,"column":9},"end":{"line":92,"column":24}},"loc":{"start":{"line":92,"column":27},"end":{"line":138,"column":1}},"line":92},"17":{"name":"(anonymous_17)","decl":{"start":{"line":98,"column":10},"end":{"line":98,"column":11}},"loc":{"start":{"line":98,"column":22},"end":{"line":98,"column":37}},"line":98},"18":{"name":"(anonymous_18)","decl":{"start":{"line":99,"column":10},"end":{"line":99,"column":11}},"loc":{"start":{"line":99,"column":18},"end":{"line":134,"column":5}},"line":99},"19":{"name":"(anonymous_19)","decl":{"start":{"line":107,"column":37},"end":{"line":107,"column":38}},"loc":{"start":{"line":107,"column":48},"end":{"line":115,"column":9}},"line":107},"20":{"name":"(anonymous_20)","decl":{"start":{"line":108,"column":26},"end":{"line":108,"column":27}},"loc":{"start":{"line":108,"column":36},"end":{"line":114,"column":11}},"line":108},"21":{"name":"(anonymous_21)","decl":{"start":{"line":123,"column":41},"end":{"line":123,"column":42}},"loc":{"start":{"line":123,"column":47},"end":{"line":131,"column":11}},"line":123},"22":{"name":"(anonymous_22)","decl":{"start":{"line":124,"column":41},"end":{"line":124,"column":42}},"loc":{"start":{"line":124,"column":52},"end":{"line":130,"column":13}},"line":124},"23":{"name":"(anonymous_23)","decl":{"start":{"line":125,"column":30},"end":{"line":125,"column":31}},"loc":{"start":{"line":125,"column":40},"end":{"line":129,"column":15}},"line":125},"24":{"name":"(anonymous_24)","decl":{"start":{"line":135,"column":11},"end":{"line":135,"column":12}},"loc":{"start":{"line":135,"column":18},"end":{"line":137,"column":5}},"line":135},"25":{"name":"(anonymous_25)","decl":{"start":{"line":141,"column":33},"end":{"line":141,"column":34}},"loc":{"start":{"line":141,"column":44},"end":{"line":145,"column":1}},"line":141},"26":{"name":"(anonymous_26)","decl":{"start":{"line":151,"column":34},"end":{"line":151,"column":35}},"loc":{"start":{"line":151,"column":43},"end":{"line":153,"column":1}},"line":151}},"branchMap":{"0":{"loc":{"start":{"line":45,"column":8},"end":{"line":48,"column":9}},"type":"if","locations":[{"start":{"line":45,"column":8},"end":{"line":48,"column":9}},{"start":{},"end":{}}],"line":45},"1":{"loc":{"start":{"line":61,"column":2},"end":{"line":63,"column":3}},"type":"if","locations":[{"start":{"line":61,"column":2},"end":{"line":63,"column":3}},{"start":{},"end":{}}],"line":61},"2":{"loc":{"start":{"line":66,"column":2},"end":{"line":72,"column":3}},"type":"if","locations":[{"start":{"line":66,"column":2},"end":{"line":72,"column":3}},{"start":{},"end":{}}],"line":66},"3":{"loc":{"start":{"line":103,"column":6},"end":{"line":133,"column":7}},"type":"if","locations":[{"start":{"line":103,"column":6},"end":{"line":133,"column":7}},{"start":{},"end":{}}],"line":103},"4":{"loc":{"start":{"line":103,"column":10},"end":{"line":103,"column":53}},"type":"binary-expr","locations":[{"start":{"line":103,"column":10},"end":{"line":103,"column":20}},{"start":{"line":103,"column":24},"end":{"line":103,"column":53}}],"line":103},"5":{"loc":{"start":{"line":112,"column":21},"end":{"line":112,"column":46}},"type":"binary-expr","locations":[{"start":{"line":112,"column":21},"end":{"line":112,"column":37}},{"start":{"line":112,"column":41},"end":{"line":112,"column":46}}],"line":112},"6":{"loc":{"start":{"line":121,"column":8},"end":{"line":132,"column":9}},"type":"if","locations":[{"start":{"line":121,"column":8},"end":{"line":132,"column":9}},{"start":{},"end":{}}],"line":121},"7":{"loc":{"start":{"line":142,"column":2},"end":{"line":144,"column":3}},"type":"if","locations":[{"start":{"line":142,"column":2},"end":{"line":144,"column":3}},{"start":{},"end":{}}],"line":142},"8":{"loc":{"start":{"line":142,"column":6},"end":{"line":142,"column":54}},"type":"binary-expr","locations":[{"start":{"line":142,"column":6},"end":{"line":142,"column":16}},{"start":{"line":142,"column":20},"end":{"line":142,"column":54}}],"line":142}},"s":{"0":0,"1":0,"2":0,"3":0,"4":0,"5":0,"6":0,"7":0,"8":0,"9":0,"10":0,"11":0,"12":0,"13":0,"14":0,"15":0,"16":0,"17":0,"18":0,"19":0,"20":0,"21":0,"22":0,"23":0,"24":0,"25":0,"26":0,"27":0,"28":0,"29":0,"30":0,"31":0,"32":0,"33":0,"34":0,"35":0,"36":0,"37":0,"38":0,"39":0,"40":0,"41":0,"42":0,"43":0,"44":0,"45":0,"46":0,"47":0,"48":0,"49":0,"50":0,"51":0,"52":0,"53":0,"54":0,"55":0,"56":0,"57":0,"58":0},"f":{"0":0,"1":0,"2":0,"3":0,"4":0,"5":0,"6":0,"7":0,"8":0,"9":0,"10":0,"11":0,"12":0,"13":0,"14":0,"15":0,"16":0,"17":0,"18":0,"19":0,"20":0,"21":0,"22":0,"23":0,"24":0,"25":0,"26":0},"b":{"0":[0,0],"1":[0,0],"2":[0,0],"3":[0,0],"4":[0,0],"5":[0,0],"6":[0,0],"7":[0,0],"8":[0,0]}}
,"/home/johndev/Documents/miro-dti/pwa/public/js/update-manager.js": {"path":"/home/johndev/Documents/miro-dti/pwa/public/js/update-manager.js","statementMap":{"0":{"start":{"line":8,"column":8},"end":{"line":8,"column":40}},"1":{"start":{"line":9,"column":8},"end":{"line":9,"column":37}},"2":{"start":{"line":10,"column":8},"end":{"line":10,"column":34}},"3":{"start":{"line":11,"column":8},"end":{"line":11,"column":33}},"4":{"start":{"line":12,"column":8},"end":{"line":12,"column":34}},"5":{"start":{"line":13,"column":8},"end":{"line":13,"column":31}},"6":{"start":{"line":18,"column":8},"end":{"line":32,"column":9}},"7":{"start":{"line":19,"column":12},"end":{"line":25,"column":15}},"8":{"start":{"line":20,"column":16},"end":{"line":24,"column":17}},"9":{"start":{"line":21,"column":20},"end":{"line":21,"column":85}},"10":{"start":{"line":22,"column":23},"end":{"line":24,"column":17}},"11":{"start":{"line":23,"column":20},"end":{"line":23,"column":45}},"12":{"start":{"line":28,"column":12},"end":{"line":31,"column":15}},"13":{"start":{"line":29,"column":16},"end":{"line":29,"column":84}},"14":{"start":{"line":30,"column":16},"end":{"line":30,"column":39}},"15":{"start":{"line":35,"column":8},"end":{"line":51,"column":9}},"16":{"start":{"line":36,"column":12},"end":{"line":36,"column":72}},"17":{"start":{"line":37,"column":12},"end":{"line":37,"column":76}},"18":{"start":{"line":40,"column":12},"end":{"line":50,"column":14}},"19":{"start":{"line":41,"column":16},"end":{"line":49,"column":17}},"20":{"start":{"line":42,"column":20},"end":{"line":48,"column":21}},"21":{"start":{"line":43,"column":43},"end":{"line":43,"column":62}},"22":{"start":{"line":44,"column":24},"end":{"line":44,"column":100}},"23":{"start":{"line":45,"column":24},"end":{"line":45,"column":95}},"24":{"start":{"line":47,"column":24},"end":{"line":47,"column":97}},"25":{"start":{"line":56,"column":8},"end":{"line":78,"column":9}},"26":{"start":{"line":57,"column":12},"end":{"line":57,"column":89}},"27":{"start":{"line":58,"column":12},"end":{"line":60,"column":15}},"28":{"start":{"line":63,"column":12},"end":{"line":77,"column":19}},"29":{"start":{"line":69,"column":34},"end":{"line":69,"column":49}},"30":{"start":{"line":71,"column":20},"end":{"line":73,"column":21}},"31":{"start":{"line":72,"column":24},"end":{"line":72,"column":83}},"32":{"start":{"line":76,"column":20},"end":{"line":76,"column":77}},"33":{"start":{"line":82,"column":8},"end":{"line":82,"column":85}},"34":{"start":{"line":84,"column":8},"end":{"line":84,"column":36}},"35":{"start":{"line":85,"column":8},"end":{"line":85,"column":37}},"36":{"start":{"line":86,"column":8},"end":{"line":86,"column":33}},"37":{"start":{"line":89,"column":8},"end":{"line":95,"column":9}},"38":{"start":{"line":90,"column":12},"end":{"line":94,"column":15}},"39":{"start":{"line":98,"column":8},"end":{"line":98,"column":38}},"40":{"start":{"line":101,"column":8},"end":{"line":106,"column":9}},"41":{"start":{"line":102,"column":12},"end":{"line":102,"column":78}},"42":{"start":{"line":103,"column":12},"end":{"line":105,"column":21}},"43":{"start":{"line":104,"column":16},"end":{"line":104,"column":41}},"44":{"start":{"line":111,"column":8},"end":{"line":188,"column":9}},"45":{"start":{"line":112,"column":33},"end":{"line":112,"column":62}},"46":{"start":{"line":113,"column":12},"end":{"line":113,"column":52}},"47":{"start":{"line":114,"column":12},"end":{"line":114,"column":59}},"48":{"start":{"line":115,"column":12},"end":{"line":124,"column":14}},"49":{"start":{"line":126,"column":12},"end":{"line":126,"column":52}},"50":{"start":{"line":129,"column":26},"end":{"line":129,"column":57}},"51":{"start":{"line":130,"column":12},"end":{"line":173,"column":14}},"52":{"start":{"line":174,"column":12},"end":{"line":174,"column":45}},"53":{"start":{"line":177,"column":12},"end":{"line":179,"column":15}},"54":{"start":{"line":178,"column":16},"end":{"line":178,"column":37}},"55":{"start":{"line":181,"column":12},"end":{"line":183,"column":15}},"56":{"start":{"line":182,"column":16},"end":{"line":182,"column":49}},"57":{"start":{"line":186,"column":12},"end":{"line":186,"column":87}},"58":{"start":{"line":187,"column":12},"end":{"line":187,"column":83}},"59":{"start":{"line":192,"column":29},"end":{"line":192,"column":75}},"60":{"start":{"line":193,"column":8},"end":{"line":195,"column":9}},"61":{"start":{"line":194,"column":12},"end":{"line":194,"column":48}},"62":{"start":{"line":199,"column":8},"end":{"line":199,"column":51}},"63":{"start":{"line":202,"column":26},"end":{"line":202,"column":63}},"64":{"start":{"line":203,"column":8},"end":{"line":206,"column":9}},"65":{"start":{"line":204,"column":12},"end":{"line":204,"column":54}},"66":{"start":{"line":205,"column":12},"end":{"line":205,"column":38}},"67":{"start":{"line":209,"column":8},"end":{"line":214,"column":9}},"68":{"start":{"line":210,"column":12},"end":{"line":213,"column":15}},"69":{"start":{"line":217,"column":8},"end":{"line":219,"column":17}},"70":{"start":{"line":218,"column":12},"end":{"line":218,"column":37}},"71":{"start":{"line":224,"column":0},"end":{"line":227,"column":3}},"72":{"start":{"line":225,"column":4},"end":{"line":225,"column":47}},"73":{"start":{"line":226,"column":4},"end":{"line":226,"column":58}}},"fnMap":{"0":{"name":"(anonymous_0)","decl":{"start":{"line":7,"column":4},"end":{"line":7,"column":5}},"loc":{"start":{"line":7,"column":18},"end":{"line":14,"column":5}},"line":7},"1":{"name":"(anonymous_1)","decl":{"start":{"line":16,"column":4},"end":{"line":16,"column":5}},"loc":{"start":{"line":16,"column":25},"end":{"line":52,"column":5}},"line":16},"2":{"name":"(anonymous_2)","decl":{"start":{"line":19,"column":64},"end":{"line":19,"column":65}},"loc":{"start":{"line":19,"column":75},"end":{"line":25,"column":13}},"line":19},"3":{"name":"(anonymous_3)","decl":{"start":{"line":28,"column":46},"end":{"line":28,"column":47}},"loc":{"start":{"line":28,"column":52},"end":{"line":31,"column":13}},"line":28},"4":{"name":"(anonymous_4)","decl":{"start":{"line":40,"column":46},"end":{"line":40,"column":47}},"loc":{"start":{"line":40,"column":66},"end":{"line":50,"column":13}},"line":40},"5":{"name":"(anonymous_5)","decl":{"start":{"line":54,"column":4},"end":{"line":54,"column":5}},"loc":{"start":{"line":54,"column":22},"end":{"line":79,"column":5}},"line":54},"6":{"name":"(anonymous_6)","decl":{"start":{"line":69,"column":22},"end":{"line":69,"column":23}},"loc":{"start":{"line":69,"column":34},"end":{"line":69,"column":49}},"line":69},"7":{"name":"(anonymous_7)","decl":{"start":{"line":70,"column":22},"end":{"line":70,"column":23}},"loc":{"start":{"line":70,"column":30},"end":{"line":74,"column":17}},"line":70},"8":{"name":"(anonymous_8)","decl":{"start":{"line":75,"column":23},"end":{"line":75,"column":24}},"loc":{"start":{"line":75,"column":30},"end":{"line":77,"column":17}},"line":75},"9":{"name":"(anonymous_9)","decl":{"start":{"line":81,"column":4},"end":{"line":81,"column":5}},"loc":{"start":{"line":81,"column":50},"end":{"line":107,"column":5}},"line":81},"10":{"name":"(anonymous_10)","decl":{"start":{"line":103,"column":23},"end":{"line":103,"column":24}},"loc":{"start":{"line":103,"column":29},"end":{"line":105,"column":13}},"line":103},"11":{"name":"(anonymous_11)","decl":{"start":{"line":109,"column":4},"end":{"line":109,"column":5}},"loc":{"start":{"line":109,"column":29},"end":{"line":189,"column":5}},"line":109},"12":{"name":"(anonymous_12)","decl":{"start":{"line":177,"column":76},"end":{"line":177,"column":77}},"loc":{"start":{"line":177,"column":82},"end":{"line":179,"column":13}},"line":177},"13":{"name":"(anonymous_13)","decl":{"start":{"line":181,"column":78},"end":{"line":181,"column":79}},"loc":{"start":{"line":181,"column":84},"end":{"line":183,"column":13}},"line":181},"14":{"name":"(anonymous_14)","decl":{"start":{"line":191,"column":4},"end":{"line":191,"column":5}},"loc":{"start":{"line":191,"column":32},"end":{"line":196,"column":5}},"line":191},"15":{"name":"(anonymous_15)","decl":{"start":{"line":198,"column":4},"end":{"line":198,"column":5}},"loc":{"start":{"line":198,"column":20},"end":{"line":220,"column":5}},"line":198},"16":{"name":"(anonymous_16)","decl":{"start":{"line":217,"column":19},"end":{"line":217,"column":20}},"loc":{"start":{"line":217,"column":25},"end":{"line":219,"column":9}},"line":217},"17":{"name":"(anonymous_17)","decl":{"start":{"line":224,"column":46},"end":{"line":224,"column":47}},"loc":{"start":{"line":224,"column":52},"end":{"line":227,"column":1}},"line":224}},"branchMap":{"0":{"loc":{"start":{"line":18,"column":8},"end":{"line":32,"column":9}},"type":"if","locations":[{"start":{"line":18,"column":8},"end":{"line":32,"column":9}},{"start":{},"end":{}}],"line":18},"1":{"loc":{"start":{"line":20,"column":16},"end":{"line":24,"column":17}},"type":"if","locations":[{"start":{"line":20,"column":16},"end":{"line":24,"column":17}},{"start":{"line":22,"column":23},"end":{"line":24,"column":17}}],"line":20},"2":{"loc":{"start":{"line":20,"column":20},"end":{"line":20,"column":72}},"type":"binary-expr","locations":[{"start":{"line":20,"column":20},"end":{"line":20,"column":30}},{"start":{"line":20,"column":34},"end":{"line":20,"column":72}}],"line":20},"3":{"loc":{"start":{"line":22,"column":23},"end":{"line":24,"column":17}},"type":"if","locations":[{"start":{"line":22,"column":23},"end":{"line":24,"column":17}},{"start":{},"end":{}}],"line":22},"4":{"loc":{"start":{"line":22,"column":27},"end":{"line":22,"column":74}},"type":"binary-expr","locations":[{"start":{"line":22,"column":27},"end":{"line":22,"column":37}},{"start":{"line":22,"column":41},"end":{"line":22,"column":74}}],"line":22},"5":{"loc":{"start":{"line":35,"column":8},"end":{"line":51,"column":9}},"type":"if","locations":[{"start":{"line":35,"column":8},"end":{"line":51,"column":9}},{"start":{},"end":{}}],"line":35},"6":{"loc":{"start":{"line":35,"column":12},"end":{"line":35,"column":76}},"type":"binary-expr","locations":[{"start":{"line":35,"column":12},"end":{"line":35,"column":28}},{"start":{"line":35,"column":32},"end":{"line":35,"column":76}}],"line":35},"7":{"loc":{"start":{"line":41,"column":16},"end":{"line":49,"column":17}},"type":"if","locations":[{"start":{"line":41,"column":16},"end":{"line":49,"column":17}},{"start":{},"end":{}}],"line":41},"8":{"loc":{"start":{"line":56,"column":8},"end":{"line":78,"column":9}},"type":"if","locations":[{"start":{"line":56,"column":8},"end":{"line":78,"column":9}},{"start":{},"end":{}}],"line":56},"9":{"loc":{"start":{"line":56,"column":12},"end":{"line":56,"column":78}},"type":"binary-expr","locations":[{"start":{"line":56,"column":12},"end":{"line":56,"column":40}},{"start":{"line":56,"column":44},"end":{"line":56,"column":78}}],"line":56},"10":{"loc":{"start":{"line":71,"column":20},"end":{"line":73,"column":21}},"type":"if","locations":[{"start":{"line":71,"column":20},"end":{"line":73,"column":21}},{"start":{},"end":{}}],"line":71},"11":{"loc":{"start":{"line":71,"column":24},"end":{"line":71,"column":106}},"type":"binary-expr","locations":[{"start":{"line":71,"column":24},"end":{"line":71,"column":36}},{"start":{"line":71,"column":40},"end":{"line":71,"column":76}},{"start":{"line":71,"column":80},"end":{"line":71,"column":106}}],"line":71},"12":{"loc":{"start":{"line":81,"column":35},"end":{"line":81,"column":48}},"type":"default-arg","locations":[{"start":{"line":81,"column":43},"end":{"line":81,"column":48}}],"line":81},"13":{"loc":{"start":{"line":89,"column":8},"end":{"line":95,"column":9}},"type":"if","locations":[{"start":{"line":89,"column":8},"end":{"line":95,"column":9}},{"start":{},"end":{}}],"line":89},"14":{"loc":{"start":{"line":101,"column":8},"end":{"line":106,"column":9}},"type":"if","locations":[{"start":{"line":101,"column":8},"end":{"line":106,"column":9}},{"start":{},"end":{}}],"line":101},"15":{"loc":{"start":{"line":111,"column":8},"end":{"line":188,"column":9}},"type":"if","locations":[{"start":{"line":111,"column":8},"end":{"line":188,"column":9}},{"start":{"line":184,"column":15},"end":{"line":188,"column":9}}],"line":111},"16":{"loc":{"start":{"line":193,"column":8},"end":{"line":195,"column":9}},"type":"if","locations":[{"start":{"line":193,"column":8},"end":{"line":195,"column":9}},{"start":{},"end":{}}],"line":193},"17":{"loc":{"start":{"line":203,"column":8},"end":{"line":206,"column":9}},"type":"if","locations":[{"start":{"line":203,"column":8},"end":{"line":206,"column":9}},{"start":{},"end":{}}],"line":203},"18":{"loc":{"start":{"line":209,"column":8},"end":{"line":214,"column":9}},"type":"if","locations":[{"start":{"line":209,"column":8},"end":{"line":214,"column":9}},{"start":{},"end":{}}],"line":209}},"s":{"0":0,"1":0,"2":0,"3":0,"4":0,"5":0,"6":0,"7":0,"8":0,"9":0,"10":0,"11":0,"12":0,"13":0,"14":0,"15":0,"16":0,"17":0,"18":0,"19":0,"20":0,"21":0,"22":0,"23":0,"24":0,"25":0,"26":0,"27":0,"28":0,"29":0,"30":0,"31":0,"32":0,"33":0,"34":0,"35":0,"36":0,"37":0,"38":0,"39":0,"40":0,"41":0,"42":0,"43":0,"44":0,"45":0,"46":0,"47":0,"48":0,"49":0,"50":0,"51":0,"52":0,"53":0,"54":0,"55":0,"56":0,"57":0,"58":0,"59":0,"60":0,"61":0,"62":0,"63":0,"64":0,"65":0,"66":0,"67":0,"68":0,"69":0,"70":0,"71":0,"72":0,"73":0},"f":{"0":0,"1":0,"2":0,"3":0,"4":0,"5":0,"6":0,"7":0,"8":0,"9":0,"10":0,"11":0,"12":0,"13":0,"14":0,"15":0,"16":0,"17":0},"b":{"0":[0,0],"1":[0,0],"2":[0,0],"3":[0,0],"4":[0,0],"5":[0,0],"6":[0,0],"7":[0,0],"8":[0,0],"9":[0,0],"10":[0,0],"11":[0,0,0],"12":[0],"13":[0,0],"14":[0,0],"15":[0,0],"16":[0,0],"17":[0,0],"18":[0,0]}}
}
